<?xml version="1.0" encoding="UTF-8"?>
<!-- Generated by org.testng.reporters.JUnitXMLReporter -->
<testsuite ignored="0" hostname="LAPTOP-QJHQS53O" failures="2" tests="25" name="Test" time="245.956" errors="0" timestamp="2023-01-14T17:11:55 IST">
  <testcase classname="com.AmazonAutomation2.QA.BaseClass.BaseClass" name="initialize" time="3.621"/>
  <testcase classname="com.AmazonAutomation2.QA.TestCases.LaunchApplicationLoginTC" name="createObjects" time="0.002"/>
  <testcase classname="com.AmazonAutomation2.QA.BaseClass.BaseClass" name="initialize" time="0.928"/>
  <testcase classname="com.AmazonAutomation2.QA.TestCases.LaunchApplicationLoginTC" name="performLaunchLoginApplication" time="14.199"/>
  <testcase classname="com.AmazonAutomation2.QA.TestCases.BestSellersTC" name="createObjects" time="0.003"/>
  <testcase classname="com.AmazonAutomation2.QA.BaseClass.BaseClass" name="initialize" time="1.122"/>
  <testcase classname="com.AmazonAutomation2.QA.TestCases.BestSellersTC" name="populatePriceSearch" time="32.244"/>
  <testcase classname="com.AmazonAutomation2.QA.TestCases.BestSellersTC" name="populatePriceSearch" time="14.637"/>
  <testcase classname="com.AmazonAutomation2.QA.TestCases.BestSellersTC" name="populatePriceSearch" time="14.743"/>
  <testcase classname="com.AmazonAutomation2.QA.TestCases.BestSellersTC" name="populatePriceSearch" time="16.428"/>
  <testcase classname="com.AmazonAutomation2.QA.TestCases.BestSellersTC" name="populatePriceSearch" time="14.63"/>
  <testcase classname="com.AmazonAutomation2.QA.TestCases.BestSellersTC" name="searchBestSellers" time="9.338"/>
  <testcase classname="com.AmazonAutomation2.QA.TestCases.SearchProductsTC" name="createObjects" time="0.002"/>
  <testcase classname="com.AmazonAutomation2.QA.BaseClass.BaseClass" name="initialize" time="1.017"/>
  <testcase classname="com.AmazonAutomation2.QA.TestCases.SearchProductsTC" name="performSearchApplication" time="16.583"/>
  <testcase classname="com.AmazonAutomation2.QA.TestCases.CustomerServiceTC" name="createObjects" time="0.001"/>
  <testcase classname="com.AmazonAutomation2.QA.BaseClass.BaseClass" name="initialize" time="1.079"/>
  <testcase classname="com.AmazonAutomation2.QA.TestCases.CustomerServiceTC" name="performAddNewAddress" time="21.7">
    <failure type="java.lang.IllegalArgumentException" message="Keys to send should be a not null CharSequence">
      <![CDATA[java.lang.IllegalArgumentException: Keys to send should be a not null CharSequence
at org.openqa.selenium.remote.RemoteWebElement.sendKeys(RemoteWebElement.java:98)
at org.openqa.selenium.support.pagefactory.internal.LocatingElementHandler.invoke(LocatingElementHandler.java:52)
at jdk.proxy2/jdk.proxy2.$Proxy16.sendKeys(Unknown Source)
at com.AmazonAutomation2.QA.PageObjects.CustomerServicePageObjects.addNewAddress(CustomerServicePageObjects.java:122)
at com.AmazonAutomation2.QA.TestCases.CustomerServiceTC.performAddNewAddress(CustomerServiceTC.java:51)
at java.base/java.util.ArrayList.forEach(ArrayList.java:1511)
... Removed 30 stack frames]]>
    </failure>
  </testcase> <!-- performAddNewAddress -->
  <testcase classname="com.AmazonAutomation2.QA.TestCases.CustomerServiceTC" name="performAddNewAddress" time="25.416">
    <failure type="org.openqa.selenium.NoSuchElementException" message="no such element: Unable to locate element: {&amp;quot;method&amp;quot;:&amp;quot;xpath&amp;quot;,&amp;quot;selector&amp;quot;:&amp;quot;//div[@id=&amp;apos;nav-signin-tooltip&amp;apos;]//child::span[@class=&amp;apos;nav-action-inner&amp;apos; and text()=&amp;apos;Sign in&amp;apos;]&amp;quot;}
  (Session info: chrome=109.0.5414.74)
For documentation on this error, please visit: https://selenium.dev/exceptions/#no_such_element
Build info: version: &amp;apos;4.6.0&amp;apos;, revision: &amp;apos;79f1c02ae20&amp;apos;
System info: os.name: &amp;apos;Windows 11&amp;apos;, os.arch: &amp;apos;amd64&amp;apos;, os.version: &amp;apos;10.0&amp;apos;, java.version: &amp;apos;17.0.4.1&amp;apos;
Driver info: org.openqa.selenium.chrome.ChromeDriver
Command: [43683e2317418952439d7234785a0ea5, findElement {using=xpath, value=//div[@id=&amp;apos;nav-signin-tooltip&amp;apos;]//child::span[@class=&amp;apos;nav-action-inner&amp;apos; and text()=&amp;apos;Sign in&amp;apos;]}]
Capabilities {acceptInsecureCerts: false, browserName: chrome, browserVersion: 109.0.5414.74, chrome: {chromedriverVersion: 109.0.5414.74 (e7c5703604da..., userDataDir: C:\Users\malli\AppData\Loca...}, goog:chromeOptions: {debuggerAddress: localhost:51388}, networkConnectionEnabled: false, pageLoadStrategy: normal, platformName: WINDOWS, proxy: Proxy(), se:cdp: ws://localhost:51388/devtoo..., se:cdpVersion: 109.0.5414.74, setWindowRect: true, strictFileInteractability: false, timeouts: {implicit: 0, pageLoad: 300000, script: 30000}, unhandledPromptBehavior: dismiss and notify, webauthn:extension:credBlob: true, webauthn:extension:largeBlob: true, webauthn:virtualAuthenticators: true}
Session ID: 43683e2317418952439d7234785a0ea5">
      <![CDATA[org.openqa.selenium.NoSuchElementException: no such element: Unable to locate element: {"method":"xpath","selector":"//div[@id='nav-signin-tooltip']//child::span[@class='nav-action-inner' and text()='Sign in']"}
  (Session info: chrome=109.0.5414.74)
For documentation on this error, please visit: https://selenium.dev/exceptions/#no_such_element
Build info: version: '4.6.0', revision: '79f1c02ae20'
System info: os.name: 'Windows 11', os.arch: 'amd64', os.version: '10.0', java.version: '17.0.4.1'
Driver info: org.openqa.selenium.chrome.ChromeDriver
Command: [43683e2317418952439d7234785a0ea5, findElement {using=xpath, value=//div[@id='nav-signin-tooltip']//child::span[@class='nav-action-inner' and text()='Sign in']}]
Capabilities {acceptInsecureCerts: false, browserName: chrome, browserVersion: 109.0.5414.74, chrome: {chromedriverVersion: 109.0.5414.74 (e7c5703604da..., userDataDir: C:\Users\malli\AppData\Loca...}, goog:chromeOptions: {debuggerAddress: localhost:51388}, networkConnectionEnabled: false, pageLoadStrategy: normal, platformName: WINDOWS, proxy: Proxy(), se:cdp: ws://localhost:51388/devtoo..., se:cdpVersion: 109.0.5414.74, setWindowRect: true, strictFileInteractability: false, timeouts: {implicit: 0, pageLoad: 300000, script: 30000}, unhandledPromptBehavior: dismiss and notify, webauthn:extension:credBlob: true, webauthn:extension:largeBlob: true, webauthn:virtualAuthenticators: true}
Session ID: 43683e2317418952439d7234785a0ea5
at org.openqa.selenium.remote.codec.w3c.W3CHttpResponseCodec.createException(W3CHttpResponseCodec.java:200)
at org.openqa.selenium.remote.codec.w3c.W3CHttpResponseCodec.decode(W3CHttpResponseCodec.java:133)
at org.openqa.selenium.remote.codec.w3c.W3CHttpResponseCodec.decode(W3CHttpResponseCodec.java:53)
at org.openqa.selenium.remote.HttpCommandExecutor.execute(HttpCommandExecutor.java:184)
at org.openqa.selenium.remote.service.DriverCommandExecutor.invokeExecute(DriverCommandExecutor.java:167)
at org.openqa.selenium.remote.service.DriverCommandExecutor.execute(DriverCommandExecutor.java:142)
at org.openqa.selenium.remote.RemoteWebDriver.execute(RemoteWebDriver.java:541)
at org.openqa.selenium.remote.ElementLocation$ElementFinder$2.findElement(ElementLocation.java:162)
at org.openqa.selenium.remote.ElementLocation.findElement(ElementLocation.java:60)
at org.openqa.selenium.remote.RemoteWebDriver.findElement(RemoteWebDriver.java:365)
at org.openqa.selenium.remote.RemoteWebDriver.findElement(RemoteWebDriver.java:357)
at org.openqa.selenium.support.pagefactory.DefaultElementLocator.findElement(DefaultElementLocator.java:70)
at org.openqa.selenium.support.pagefactory.internal.LocatingElementHandler.invoke(LocatingElementHandler.java:39)
at jdk.proxy2/jdk.proxy2.$Proxy16.click(Unknown Source)
at com.AmazonAutomation2.QA.PageObjects.LoginPageObjects.loginApplication(LoginPageObjects.java:72)
at com.AmazonAutomation2.QA.TestCases.CustomerServiceTC.performAddNewAddress(CustomerServiceTC.java:50)
at java.base/java.util.ArrayList.forEach(ArrayList.java:1511)
... Removed 32 stack frames]]>
    </failure>
  </testcase> <!-- performAddNewAddress -->
  <testcase classname="com.AmazonAutomation2.QA.TestCases.MobilesPageTC" name="createObjects" time="0.003"/>
  <testcase classname="com.AmazonAutomation2.QA.BaseClass.BaseClass" name="initialize" time="0.975"/>
  <testcase classname="com.AmazonAutomation2.QA.TestCases.MobilesPageTC" name="mobilesPageSearch" time="38.446"/>
  <testcase classname="com.AmazonAutomation2.QA.TestCases.HomeImprovementTC" name="createObjects" time="0.002"/>
  <testcase classname="com.AmazonAutomation2.QA.BaseClass.BaseClass" name="initialize" time="0.967"/>
  <testcase classname="com.AmazonAutomation2.QA.TestCases.HomeImprovementTC" name="searchUnderHomeImprovements" time="17.284"/>
</testsuite> <!-- Test -->
